0 verbose cli /usr/bin/node /usr/bin/npm
1 info using npm@11.6.2
2 info using node@v25.1.0
3 silly config load:file:/usr/lib/node_modules/npm/npmrc
4 silly config load:file:/home/anthony/.npmrc
5 silly config load:file:/etc/npmrc
6 verbose title npm install
7 verbose argv "install"
8 verbose logfile logs-max:10 dir:/home/anthony/.npm/_logs/2025-11-11T07_45_52_218Z-
9 verbose logfile /home/anthony/.npm/_logs/2025-11-11T07_45_52_218Z-debug-0.log
10 silly logfile start cleaning logs, removing 1 files
11 silly packumentCache heap:2348810240 maxSize:587202560 maxEntrySize:293601280
12 silly logfile done cleaning log files
13 silly idealTree buildDeps
14 silly reify moves {}
15 verbose stack Error: Could not read package.json: Error: ENOENT: no such file or directory, open '/home/anthony/package.json'
15 verbose stack     at async open (node:internal/fs/promises:641:25)
15 verbose stack     at async readFile (node:internal/fs/promises:1279:14)
15 verbose stack     at async read (/usr/lib/node_modules/npm/node_modules/@npmcli/package-json/lib/read-package.js:9:18)
15 verbose stack     at async PackageJson.load (/usr/lib/node_modules/npm/node_modules/@npmcli/package-json/lib/index.js:131:31)
15 verbose stack     at async PackageJson.normalize (/usr/lib/node_modules/npm/node_modules/@npmcli/package-json/lib/index.js:117:5)
15 verbose stack     at async runScript (/usr/lib/node_modules/npm/node_modules/@npmcli/run-script/lib/run-script.js:11:28)
15 verbose stack     at async Install.exec (/usr/lib/node_modules/npm/lib/commands/install.js:163:9)
15 verbose stack     at async Npm.exec (/usr/lib/node_modules/npm/lib/npm.js:208:9)
15 verbose stack     at async module.exports (/usr/lib/node_modules/npm/lib/cli/entry.js:67:5)
16 error code ENOENT
17 error syscall open
18 error path /home/anthony/package.json
19 error errno -2
20 error enoent Could not read package.json: Error: ENOENT: no such file or directory, open '/home/anthony/package.json'
21 error enoent This is related to npm not being able to find a file.
21 error enoent
22 verbose cwd /home/anthony
23 verbose os Linux 6.17.7-3-cachyos
24 verbose node v25.1.0
25 verbose npm  v11.6.2
26 verbose exit -2
27 verbose code -2
28 error A complete log of this run can be found in: /home/anthony/.npm/_logs/2025-11-11T07_45_52_218Z-debug-0.log
