0 verbose cli /usr/bin/node /usr/bin/npm
1 info using npm@11.6.2
2 info using node@v25.1.0
3 silly config load:file:/usr/lib/node_modules/npm/npmrc
4 silly config load:file:/home/anthony/.cache/typescript/5.9/.npmrc
5 silly config load:file:/home/anthony/.npmrc
6 silly config load:file:/etc/npmrc
7 verbose title npm install types-registry@latest
8 verbose argv "install" "--ignore-scripts" "types-registry@latest"
9 verbose logfile logs-max:10 dir:/home/anthony/.npm/_logs/2025-11-11T01_01_51_109Z-
10 verbose logfile /home/anthony/.npm/_logs/2025-11-11T01_01_51_109Z-debug-0.log
11 silly logfile start cleaning logs, removing 1 files
12 silly packumentCache heap:2348810240 maxSize:587202560 maxEntrySize:293601280
13 silly logfile done cleaning log files
14 silly packumentCache corgi:https://registry.npmjs.org/types-registry cache-miss
15 http fetch GET 200 https://registry.npmjs.org/types-registry 339ms (cache revalidated)
16 silly packumentCache corgi:https://registry.npmjs.org/types-registry set size:612042 disposed:false
17 silly idealTree buildDeps
18 silly fetch manifest types-registry@0.1.746
19 silly packumentCache full:https://registry.npmjs.org/types-registry cache-miss
20 http fetch GET 200 https://registry.npmjs.org/types-registry 68ms (cache revalidated)
21 silly packumentCache full:https://registry.npmjs.org/types-registry set size:1311504 disposed:false
22 silly placeDep ROOT types-registry@0.1.746 REPLACE for:  want: 0.1.746
23 silly reify moves {}
24 silly audit bulk request {
24 silly audit   '@dimforge/rapier3d-compat': [ '0.12.0' ],
24 silly audit   '@tweenjs/tween.js': [ '23.1.3' ],
24 silly audit   '@types/less': [ '3.0.8' ],
24 silly audit   '@types/node': [ '24.9.2' ],
24 silly audit   '@types/react': [ '19.2.2' ],
24 silly audit   '@types/stats.js': [ '0.17.4' ],
24 silly audit   '@types/stylus': [ '0.48.43' ],
24 silly audit   '@types/three': [ '0.181.0' ],
24 silly audit   '@types/webxr': [ '0.5.24' ],
24 silly audit   '@webgpu/types': [ '0.1.66' ],
24 silly audit   csstype: [ '3.1.3' ],
24 silly audit   fflate: [ '0.8.2' ],
24 silly audit   meshoptimizer: [ '0.22.0' ],
24 silly audit   'undici-types': [ '7.16.0' ],
24 silly audit   'types-registry': [ '0.1.746' ]
24 silly audit }
25 http fetch POST 200 https://registry.npmjs.org/-/npm/v1/security/advisories/bulk 95ms
26 silly audit report {}
27 verbose cwd /home/anthony/.cache/typescript/5.9
28 verbose os Linux 6.17.7-3-cachyos
29 verbose node v25.1.0
30 verbose npm  v11.6.2
31 verbose exit 0
32 info ok
