0 verbose cli /usr/bin/node /usr/bin/npm
1 info using npm@11.6.2
2 info using node@v25.1.0
3 silly config load:file:/usr/lib/node_modules/npm/npmrc
4 silly config load:file:/home/anthony/pawz-fe/.npmrc
5 silly config load:file:/home/anthony/.npmrc
6 silly config load:file:/etc/npmrc
7 verbose title npm run
8 verbose argv "run"
9 verbose logfile logs-max:10 dir:/home/anthony/.npm/_logs/2025-11-10T10_45_11_650Z-
10 verbose logfile /home/anthony/.npm/_logs/2025-11-10T10_45_11_650Z-debug-0.log
11 silly logfile start cleaning logs, removing 1 files
12 verbose stack Error: Could not read package.json: Error: ENOENT: no such file or directory, open '/home/anthony/pawz-fe/package.json'
12 verbose stack     at async open (node:internal/fs/promises:641:25)
12 verbose stack     at async readFile (node:internal/fs/promises:1279:14)
12 verbose stack     at async read (/usr/lib/node_modules/npm/node_modules/@npmcli/package-json/lib/read-package.js:9:18)
12 verbose stack     at async PackageJson.load (/usr/lib/node_modules/npm/node_modules/@npmcli/package-json/lib/index.js:131:31)
12 verbose stack     at async PackageJson.normalize (/usr/lib/node_modules/npm/node_modules/@npmcli/package-json/lib/index.js:117:5)
12 verbose stack     at async #list (/usr/lib/node_modules/npm/lib/commands/run.js:149:41)
12 verbose stack     at async RunScript.exec (/usr/lib/node_modules/npm/lib/commands/run.js:46:7)
12 verbose stack     at async Npm.exec (/usr/lib/node_modules/npm/lib/npm.js:208:9)
12 verbose stack     at async module.exports (/usr/lib/node_modules/npm/lib/cli/entry.js:67:5)
13 error code ENOENT
14 error syscall open
15 error path /home/anthony/pawz-fe/package.json
16 error errno -2
17 error enoent Could not read package.json: Error: ENOENT: no such file or directory, open '/home/anthony/pawz-fe/package.json'
18 error enoent This is related to npm not being able to find a file.
18 error enoent
19 verbose cwd /home/anthony/pawz-fe
20 verbose os Linux 6.17.7-3-cachyos
21 verbose node v25.1.0
22 verbose npm  v11.6.2
23 verbose exit -2
24 verbose code -2
25 error A complete log of this run can be found in: /home/anthony/.npm/_logs/2025-11-10T10_45_11_650Z-debug-0.log
